[2023-10-07 15:45:17,574: INFO: main: welcome to the first custom log]
[2023-10-12 19:29:55,751: ERROR: main: name 'STAGE_NAME' is not defined]
Traceback (most recent call last):
  File "main.py", line 5, in <module>
    logger.info(f"<<<< {STAGE_NAME} has started >>>>>")
NameError: name 'STAGE_NAME' is not defined
[2023-10-12 19:30:26,170: INFO: main: <<<< Data Injestion Stage has started >>>>>]
[2023-10-12 19:30:26,170: ERROR: main: __init__() missing 2 required positional arguments: 'config_file_path' and 'params_file_path']
Traceback (most recent call last):
  File "main.py", line 9, in <module>
    obj.main()
  File "/Users/bivasbisht/Deep-Learning_project/kidney_classification_deep-learnig/src/cnnClassifier/pipeline/stage_01_data_injestion.py", line 12, in main
    config = ConfigurationManager()
TypeError: __init__() missing 2 required positional arguments: 'config_file_path' and 'params_file_path'
[2023-10-12 19:32:05,401: INFO: main: <<<< Data Injestion Stage has started >>>>>]
[2023-10-12 19:32:05,401: ERROR: main: __init__() missing 2 required positional arguments: 'config_file_path' and 'params_file_path']
Traceback (most recent call last):
  File "main.py", line 9, in <module>
    obj.main()
  File "/Users/bivasbisht/Deep-Learning_project/kidney_classification_deep-learnig/src/cnnClassifier/pipeline/stage_01_data_injestion.py", line 12, in main
    config = ConfigurationManager()
TypeError: __init__() missing 2 required positional arguments: 'config_file_path' and 'params_file_path'
[2023-10-12 19:35:45,896: INFO: main: <<<< Data Injestion Stage has started >>>>>]
[2023-10-12 19:35:45,896: ERROR: main: __init__() missing 2 required positional arguments: 'config_file_path' and 'params_file_path']
Traceback (most recent call last):
  File "main.py", line 9, in <module>
    obj.main()
  File "/Users/bivasbisht/Deep-Learning_project/kidney_classification_deep-learnig/src/cnnClassifier/pipeline/stage_01_data_injestion.py", line 12, in main
    config = ConfigurationManager()
TypeError: __init__() missing 2 required positional arguments: 'config_file_path' and 'params_file_path'
[2023-10-12 19:37:59,435: INFO: main: <<<< Data Injestion Stage has started >>>>>]
[2023-10-12 19:37:59,436: INFO: common: yaml file: config/config.yaml loaded successfully]
[2023-10-12 19:37:59,436: INFO: common: yaml file: params.yaml loaded successfully]
[2023-10-12 19:37:59,436: INFO: common: created directory at: artifacts]
[2023-10-12 19:37:59,437: ERROR: main: "'ConfigBox' object has no attribute 'root_dir'"]
Traceback (most recent call last):
  File "/Users/bivasbisht/miniforge3/envs/kidney/lib/python3.8/site-packages/box/box.py", line 503, in __getitem__
    return super().__getitem__(item)
KeyError: 'root_dir'

The above exception was the direct cause of the following exception:

Traceback (most recent call last):
  File "/Users/bivasbisht/miniforge3/envs/kidney/lib/python3.8/site-packages/box/box.py", line 536, in __getattr__
    value = self.__getitem__(item, _ignore_default=True)
  File "/Users/bivasbisht/miniforge3/envs/kidney/lib/python3.8/site-packages/box/box.py", line 524, in __getitem__
    raise BoxKeyError(str(err)) from _exception_cause(err)
box.exceptions.BoxKeyError: "'root_dir'"

During handling of the above exception, another exception occurred:

Traceback (most recent call last):
  File "/Users/bivasbisht/miniforge3/envs/kidney/lib/python3.8/site-packages/box/box.py", line 538, in __getattr__
    value = object.__getattribute__(self, item)
AttributeError: 'ConfigBox' object has no attribute 'root_dir'

The above exception was the direct cause of the following exception:

Traceback (most recent call last):
  File "/Users/bivasbisht/miniforge3/envs/kidney/lib/python3.8/site-packages/box/config_box.py", line 28, in __getattr__
    return super().__getattr__(item)
  File "/Users/bivasbisht/miniforge3/envs/kidney/lib/python3.8/site-packages/box/box.py", line 552, in __getattr__
    raise BoxKeyError(str(err)) from _exception_cause(err)
box.exceptions.BoxKeyError: "'ConfigBox' object has no attribute 'root_dir'"

During handling of the above exception, another exception occurred:

Traceback (most recent call last):
  File "/Users/bivasbisht/miniforge3/envs/kidney/lib/python3.8/site-packages/box/box.py", line 503, in __getitem__
    return super().__getitem__(item)
KeyError: 'root_dir'

The above exception was the direct cause of the following exception:

Traceback (most recent call last):
  File "/Users/bivasbisht/miniforge3/envs/kidney/lib/python3.8/site-packages/box/box.py", line 536, in __getattr__
    value = self.__getitem__(item, _ignore_default=True)
  File "/Users/bivasbisht/miniforge3/envs/kidney/lib/python3.8/site-packages/box/box.py", line 524, in __getitem__
    raise BoxKeyError(str(err)) from _exception_cause(err)
box.exceptions.BoxKeyError: "'root_dir'"

During handling of the above exception, another exception occurred:

Traceback (most recent call last):
  File "/Users/bivasbisht/miniforge3/envs/kidney/lib/python3.8/site-packages/box/box.py", line 538, in __getattr__
    value = object.__getattribute__(self, item)
AttributeError: 'ConfigBox' object has no attribute 'root_dir'

The above exception was the direct cause of the following exception:

Traceback (most recent call last):
  File "main.py", line 9, in <module>
    obj.main()
  File "/Users/bivasbisht/Deep-Learning_project/kidney_classification_deep-learnig/src/cnnClassifier/pipeline/stage_01_data_injestion.py", line 13, in main
    data_injestion_config = config.get_data_injestion_config()
  File "/Users/bivasbisht/Deep-Learning_project/kidney_classification_deep-learnig/src/cnnClassifier/config/configuration.py", line 16, in get_data_injestion_config
    create_directories([config.root_dir])
  File "/Users/bivasbisht/miniforge3/envs/kidney/lib/python3.8/site-packages/box/config_box.py", line 30, in __getattr__
    return super().__getattr__(item.lower())
  File "/Users/bivasbisht/miniforge3/envs/kidney/lib/python3.8/site-packages/box/box.py", line 552, in __getattr__
    raise BoxKeyError(str(err)) from _exception_cause(err)
box.exceptions.BoxKeyError: "'ConfigBox' object has no attribute 'root_dir'"
[2023-10-13 10:08:39,788: INFO: main: <<<< Data Injestion Stage has started >>>>>]
[2023-10-13 10:08:39,789: INFO: common: yaml file: config/config.yaml loaded successfully]
[2023-10-13 10:08:39,789: INFO: common: yaml file: params.yaml loaded successfully]
[2023-10-13 10:08:39,789: INFO: common: created directory at: artifacts]
[2023-10-13 10:08:39,789: INFO: common: created directory at: artifacts/data_injestion]
[2023-10-13 10:08:39,789: INFO: data_injestion: Downloading data from https://drive.google.com/file/d/17TCF4Q0VmWnpfeML-3O5npF2-C4UYlhe/view?usp=sharing into file artifacts/data_injestion/data.zip]
[2023-10-13 10:09:54,422: INFO: data_injestion: Downloaded data from https://drive.google.com/file/d/17TCF4Q0VmWnpfeML-3O5npF2-C4UYlhe/view?usp=sharing into artifacts/data_injestion/data.zip]
[2023-10-13 10:10:03,106: INFO: main: Data Injestion Stage is completed]
[2023-10-13 15:29:16,002: INFO: common: yaml file: config/config.yaml loaded successfully]
[2023-10-13 15:29:16,012: INFO: common: yaml file: params.yaml loaded successfully]
[2023-10-13 15:29:16,017: INFO: common: created directory at: artifacts]
[2023-10-13 15:29:16,024: INFO: common: created directory at: artifacts/prepare_base_model]
[2023-10-13 15:30:46,324: INFO: common: yaml file: config/config.yaml loaded successfully]
[2023-10-13 15:30:46,326: INFO: common: yaml file: params.yaml loaded successfully]
[2023-10-13 15:30:46,326: INFO: common: created directory at: artifacts]
[2023-10-13 15:30:46,327: INFO: common: created directory at: artifacts/prepare_base_model]
[2023-10-13 15:30:51,325: WARNING: saving_utils: Compiled the loaded model, but the compiled metrics have yet to be built. `model.compile_metrics` will be empty until you train or evaluate the model.]
[2023-10-13 15:30:51,450: WARNING: optimizer: At this time, the v2.11+ optimizer `tf.keras.optimizers.SGD` runs slowly on M1/M2 Macs, please use the legacy Keras optimizer instead, located at `tf.keras.optimizers.legacy.SGD`.]
[2023-10-13 15:30:51,454: WARNING: __init__: There is a known slowdown when using v2.11+ Keras optimizers on M1/M2 Macs. Falling back to the legacy Keras optimizer, i.e., `tf.keras.optimizers.legacy.SGD`.]
[2023-10-18 17:21:54,287: INFO: main: <<<< Data Injestion Stage has started >>>>>]
[2023-10-18 17:21:54,289: INFO: common: yaml file: config/config.yaml loaded successfully]
[2023-10-18 17:21:54,290: INFO: common: yaml file: params.yaml loaded successfully]
[2023-10-18 17:21:54,290: INFO: common: created directory at: artifacts]
[2023-10-18 17:21:54,290: INFO: common: created directory at: artifacts/data_injestion]
[2023-10-18 17:21:54,290: INFO: data_injestion: Downloading data from https://drive.google.com/file/d/17TCF4Q0VmWnpfeML-3O5npF2-C4UYlhe/view?usp=sharing into file artifacts/data_injestion/data.zip]
[2023-10-18 17:22:51,171: INFO: data_injestion: Downloaded data from https://drive.google.com/file/d/17TCF4Q0VmWnpfeML-3O5npF2-C4UYlhe/view?usp=sharing into artifacts/data_injestion/data.zip]
[2023-10-18 17:23:01,498: INFO: main: Data Injestion Stage is completed]
[2023-10-18 17:23:01,498: INFO: main: <<<< Prepare base model has started >>>>>]
[2023-10-18 17:23:01,499: INFO: common: yaml file: config/config.yaml loaded successfully]
[2023-10-18 17:23:01,501: INFO: common: yaml file: params.yaml loaded successfully]
[2023-10-18 17:23:01,501: INFO: common: created directory at: artifacts]
[2023-10-18 17:23:01,501: INFO: common: created directory at: artifacts/prepare_base_model]
[2023-10-18 17:23:02,216: WARNING: saving_utils: Compiled the loaded model, but the compiled metrics have yet to be built. `model.compile_metrics` will be empty until you train or evaluate the model.]
[2023-10-18 17:23:02,341: WARNING: optimizer: At this time, the v2.11+ optimizer `tf.keras.optimizers.SGD` runs slowly on M1/M2 Macs, please use the legacy Keras optimizer instead, located at `tf.keras.optimizers.legacy.SGD`.]
[2023-10-18 17:23:02,345: WARNING: __init__: There is a known slowdown when using v2.11+ Keras optimizers on M1/M2 Macs. Falling back to the legacy Keras optimizer, i.e., `tf.keras.optimizers.legacy.SGD`.]
[2023-10-18 17:23:02,434: INFO: main: Prepare base model is completed]
[2023-10-18 17:57:54,299: INFO: common: yaml file: config/config.yaml loaded successfully]
[2023-10-18 17:57:54,302: INFO: common: yaml file: params.yaml loaded successfully]
[2023-10-18 17:57:54,304: INFO: common: created directory at: artifacts]
[2023-10-18 17:57:54,305: INFO: common: created directory at: artifacts/training]
[2023-10-18 17:59:37,195: INFO: common: yaml file: config/config.yaml loaded successfully]
[2023-10-18 17:59:37,197: INFO: common: yaml file: params.yaml loaded successfully]
[2023-10-18 17:59:37,198: INFO: common: created directory at: artifacts]
[2023-10-18 17:59:37,199: INFO: common: created directory at: artifacts/training]
[2023-10-18 17:59:43,674: INFO: common: yaml file: config/config.yaml loaded successfully]
[2023-10-18 17:59:43,676: INFO: common: yaml file: params.yaml loaded successfully]
[2023-10-18 17:59:43,677: INFO: common: created directory at: artifacts]
[2023-10-18 17:59:43,678: INFO: common: created directory at: artifacts/training]
[2023-10-18 18:01:01,018: INFO: common: yaml file: config/config.yaml loaded successfully]
[2023-10-18 18:01:01,020: INFO: common: yaml file: params.yaml loaded successfully]
[2023-10-18 18:01:01,021: INFO: common: created directory at: artifacts]
[2023-10-18 18:01:01,022: INFO: common: created directory at: artifacts/training]
[2023-10-18 18:22:31,711: INFO: main: <<<< Data Injestion Stage has started >>>>>]
[2023-10-18 18:22:31,713: INFO: common: yaml file: config/config.yaml loaded successfully]
[2023-10-18 18:22:31,714: INFO: common: yaml file: params.yaml loaded successfully]
[2023-10-18 18:22:31,714: INFO: common: created directory at: artifacts]
[2023-10-18 18:22:31,714: INFO: common: created directory at: artifacts/data_injestion]
[2023-10-18 18:22:31,714: INFO: data_injestion: Downloading data from https://drive.google.com/file/d/17TCF4Q0VmWnpfeML-3O5npF2-C4UYlhe/view?usp=sharing into file artifacts/data_injestion/data.zip]
[2023-10-18 18:23:18,325: INFO: data_injestion: Downloaded data from https://drive.google.com/file/d/17TCF4Q0VmWnpfeML-3O5npF2-C4UYlhe/view?usp=sharing into artifacts/data_injestion/data.zip]
[2023-10-18 18:23:27,073: INFO: main: Data Injestion Stage is completed]
[2023-10-18 18:23:27,073: INFO: main: <<<< Prepare base model has started >>>>>]
[2023-10-18 18:23:27,075: INFO: common: yaml file: config/config.yaml loaded successfully]
[2023-10-18 18:23:27,076: INFO: common: yaml file: params.yaml loaded successfully]
[2023-10-18 18:23:27,076: INFO: common: created directory at: artifacts]
[2023-10-18 18:23:27,076: INFO: common: created directory at: artifacts/prepare_base_model]
[2023-10-18 18:23:28,221: WARNING: saving_utils: Compiled the loaded model, but the compiled metrics have yet to be built. `model.compile_metrics` will be empty until you train or evaluate the model.]
[2023-10-18 18:23:28,346: WARNING: optimizer: At this time, the v2.11+ optimizer `tf.keras.optimizers.SGD` runs slowly on M1/M2 Macs, please use the legacy Keras optimizer instead, located at `tf.keras.optimizers.legacy.SGD`.]
[2023-10-18 18:23:28,349: WARNING: __init__: There is a known slowdown when using v2.11+ Keras optimizers on M1/M2 Macs. Falling back to the legacy Keras optimizer, i.e., `tf.keras.optimizers.legacy.SGD`.]
[2023-10-18 18:23:28,469: INFO: main: Prepare base model is completed]
[2023-10-18 18:23:28,469: INFO: main: *******************]
[2023-10-18 18:23:28,469: INFO: main: >>>>>> stage Training started <<<<<<]
[2023-10-18 18:23:28,470: INFO: common: yaml file: config/config.yaml loaded successfully]
[2023-10-18 18:23:28,471: INFO: common: yaml file: params.yaml loaded successfully]
[2023-10-18 18:23:28,472: INFO: common: created directory at: artifacts]
[2023-10-18 18:23:28,472: INFO: common: created directory at: artifacts/training]
[2023-10-18 18:27:27,492: INFO: main: >>>>>> stage Training completed <<<<<<

x==========x]
[2023-10-18 19:01:01,072: INFO: common: yaml file: config/config.yaml loaded successfully]
[2023-10-18 19:01:01,074: INFO: common: yaml file: params.yaml loaded successfully]
[2023-10-18 19:01:01,075: INFO: common: created directory at: artifacts]
[2023-10-18 19:02:12,571: INFO: common: yaml file: config/config.yaml loaded successfully]
[2023-10-18 19:02:12,573: INFO: common: yaml file: params.yaml loaded successfully]
[2023-10-18 19:02:12,574: INFO: common: created directory at: artifacts]
[2023-10-18 19:05:53,667: INFO: common: yaml file: config/config.yaml loaded successfully]
[2023-10-18 19:05:53,669: INFO: common: yaml file: params.yaml loaded successfully]
[2023-10-18 19:05:53,670: INFO: common: created directory at: artifacts]
[2023-10-18 19:07:00,744: INFO: common: json file saved at: scores.json]
[2023-10-18 19:07:03,000: INFO: builder_impl: Assets written to: /var/folders/jp/ny5f6r_j36v_hmzh6cgr5_gw0000gn/T/tmpmrbkfurl/model/data/model/assets]
[2023-10-18 19:08:56,847: INFO: common: yaml file: config/config.yaml loaded successfully]
[2023-10-18 19:08:56,850: INFO: common: yaml file: params.yaml loaded successfully]
[2023-10-18 19:08:56,851: INFO: common: created directory at: artifacts]
[2023-10-18 19:10:09,272: INFO: common: json file saved at: scores.json]
[2023-10-18 19:10:11,146: INFO: builder_impl: Assets written to: /var/folders/jp/ny5f6r_j36v_hmzh6cgr5_gw0000gn/T/tmpgu68uruf/model/data/model/assets]
[2023-10-18 19:13:58,750: INFO: common: yaml file: config/config.yaml loaded successfully]
[2023-10-18 19:13:58,752: INFO: common: yaml file: params.yaml loaded successfully]
[2023-10-18 19:13:58,753: INFO: common: created directory at: artifacts]
[2023-10-18 19:15:10,458: INFO: common: json file saved at: scores.json]
[2023-10-18 19:15:12,687: INFO: builder_impl: Assets written to: /var/folders/jp/ny5f6r_j36v_hmzh6cgr5_gw0000gn/T/tmpxshpvitm/model/data/model/assets]
[2023-10-18 19:33:14,000: INFO: common: yaml file: config/config.yaml loaded successfully]
[2023-10-18 19:33:14,002: INFO: common: yaml file: params.yaml loaded successfully]
[2023-10-18 19:33:14,003: INFO: common: created directory at: artifacts]
[2023-10-18 19:34:23,521: INFO: common: json file saved at: scores.json]
[2023-10-18 19:34:25,583: INFO: builder_impl: Assets written to: /var/folders/jp/ny5f6r_j36v_hmzh6cgr5_gw0000gn/T/tmp9bl5icxm/model/data/model/assets]
[2023-10-18 19:54:19,987: INFO: common: yaml file: config/config.yaml loaded successfully]
[2023-10-18 19:54:19,989: INFO: common: yaml file: params.yaml loaded successfully]
[2023-10-18 19:54:19,990: INFO: common: created directory at: artifacts]
[2023-10-18 19:55:32,180: INFO: common: json file saved at: scores.json]
[2023-10-18 19:55:34,373: INFO: builder_impl: Assets written to: /var/folders/jp/ny5f6r_j36v_hmzh6cgr5_gw0000gn/T/tmpqx0fng9n/model/data/model/assets]
[2023-10-18 19:57:04,540: INFO: common: yaml file: config/config.yaml loaded successfully]
[2023-10-18 19:57:04,543: INFO: common: yaml file: params.yaml loaded successfully]
[2023-10-18 19:57:04,543: INFO: common: created directory at: artifacts]
[2023-10-18 19:58:12,396: INFO: common: json file saved at: scores.json]
[2023-10-18 19:58:14,442: INFO: builder_impl: Assets written to: /var/folders/jp/ny5f6r_j36v_hmzh6cgr5_gw0000gn/T/tmptyhjs25b/model/data/model/assets]
[2023-10-18 20:02:12,289: INFO: common: yaml file: config/config.yaml loaded successfully]
[2023-10-18 20:02:12,293: INFO: common: yaml file: params.yaml loaded successfully]
[2023-10-18 20:02:12,295: INFO: common: created directory at: artifacts]
[2023-10-18 20:03:17,862: INFO: common: json file saved at: scores.json]
[2023-10-18 20:03:20,140: INFO: builder_impl: Assets written to: /var/folders/jp/ny5f6r_j36v_hmzh6cgr5_gw0000gn/T/tmpm5z8ich5/model/data/model/assets]
[2023-10-18 20:08:05,100: INFO: common: yaml file: config/config.yaml loaded successfully]
[2023-10-18 20:08:05,102: INFO: common: yaml file: params.yaml loaded successfully]
[2023-10-18 20:08:05,103: INFO: common: created directory at: artifacts]
[2023-10-18 20:09:11,359: INFO: common: json file saved at: scores.json]
[2023-10-18 20:09:15,313: INFO: builder_impl: Assets written to: /var/folders/jp/ny5f6r_j36v_hmzh6cgr5_gw0000gn/T/tmpojxmltme/model/data/model/assets]
[2023-10-19 01:15:42,229: INFO: main: <<<< Data Injestion Stage has started >>>>>]
[2023-10-19 01:15:42,230: INFO: common: yaml file: config/config.yaml loaded successfully]
[2023-10-19 01:15:42,232: INFO: common: yaml file: params.yaml loaded successfully]
[2023-10-19 01:15:42,232: INFO: common: created directory at: artifacts]
[2023-10-19 01:15:42,232: INFO: common: created directory at: artifacts/data_injestion]
[2023-10-19 01:15:42,232: INFO: data_injestion: Downloading data from https://drive.google.com/file/d/17TCF4Q0VmWnpfeML-3O5npF2-C4UYlhe/view?usp=sharing into file artifacts/data_injestion/data.zip]
[2023-10-19 01:17:01,330: INFO: data_injestion: Downloaded data from https://drive.google.com/file/d/17TCF4Q0VmWnpfeML-3O5npF2-C4UYlhe/view?usp=sharing into artifacts/data_injestion/data.zip]
[2023-10-19 01:17:10,188: INFO: main: Data Injestion Stage is completed]
[2023-10-19 01:17:10,188: INFO: main: <<<< Prepare base model has started >>>>>]
[2023-10-19 01:17:10,190: INFO: common: yaml file: config/config.yaml loaded successfully]
[2023-10-19 01:17:10,191: INFO: common: yaml file: params.yaml loaded successfully]
[2023-10-19 01:17:10,191: INFO: common: created directory at: artifacts]
[2023-10-19 01:17:10,191: INFO: common: created directory at: artifacts/prepare_base_model]
[2023-10-19 01:17:10,792: WARNING: saving_utils: Compiled the loaded model, but the compiled metrics have yet to be built. `model.compile_metrics` will be empty until you train or evaluate the model.]
[2023-10-19 01:17:10,898: WARNING: optimizer: At this time, the v2.11+ optimizer `tf.keras.optimizers.SGD` runs slowly on M1/M2 Macs, please use the legacy Keras optimizer instead, located at `tf.keras.optimizers.legacy.SGD`.]
[2023-10-19 01:17:10,901: WARNING: __init__: There is a known slowdown when using v2.11+ Keras optimizers on M1/M2 Macs. Falling back to the legacy Keras optimizer, i.e., `tf.keras.optimizers.legacy.SGD`.]
[2023-10-19 01:17:10,985: INFO: main: Prepare base model is completed]
[2023-10-19 01:17:10,985: INFO: main: *******************]
[2023-10-19 01:17:10,985: INFO: main: >>>>>> stage Training started <<<<<<]
[2023-10-19 01:17:10,986: INFO: common: yaml file: config/config.yaml loaded successfully]
[2023-10-19 01:17:10,987: INFO: common: yaml file: params.yaml loaded successfully]
[2023-10-19 01:17:10,987: INFO: common: created directory at: artifacts]
[2023-10-19 01:17:10,988: INFO: common: created directory at: artifacts/training]
[2023-10-19 01:20:56,569: INFO: main: >>>>>> stage Training completed <<<<<<

x==========x]
[2023-10-19 01:20:56,572: INFO: main: *******************]
[2023-10-19 01:20:56,572: INFO: main: >>>>>> stage Evaluation stage started <<<<<<]
[2023-10-19 01:20:56,574: INFO: common: yaml file: config/config.yaml loaded successfully]
[2023-10-19 01:20:56,575: INFO: common: yaml file: params.yaml loaded successfully]
[2023-10-19 01:20:56,575: INFO: common: created directory at: artifacts]
[2023-10-19 01:20:56,575: ERROR: main: 'ConfigurationManager' object has no attribute 'get_evaluation_config']
Traceback (most recent call last):
  File "main.py", line 49, in <module>
    obj.main()
  File "/Users/bivasbisht/Deep-Learning_project/kidney_classification_deep-learnig/src/cnnClassifier/pipeline/stage_04_model_evaluation.py", line 13, in main
    eval_config = config.get_evaluation_config()
AttributeError: 'ConfigurationManager' object has no attribute 'get_evaluation_config'
[2023-10-19 01:42:05,591: INFO: main: <<<< Data Injestion Stage has started >>>>>]
[2023-10-19 01:42:05,593: INFO: common: yaml file: config/config.yaml loaded successfully]
[2023-10-19 01:42:05,594: INFO: common: yaml file: params.yaml loaded successfully]
[2023-10-19 01:42:05,594: INFO: common: created directory at: artifacts]
[2023-10-19 01:42:05,594: INFO: common: created directory at: artifacts/data_injestion]
[2023-10-19 01:42:05,594: INFO: data_injestion: Downloading data from https://drive.google.com/file/d/17TCF4Q0VmWnpfeML-3O5npF2-C4UYlhe/view?usp=sharing into file artifacts/data_injestion/data.zip]
[2023-10-19 01:43:22,552: INFO: data_injestion: Downloaded data from https://drive.google.com/file/d/17TCF4Q0VmWnpfeML-3O5npF2-C4UYlhe/view?usp=sharing into artifacts/data_injestion/data.zip]
[2023-10-19 01:43:31,229: INFO: main: Data Injestion Stage is completed]
[2023-10-19 01:43:31,229: INFO: main: <<<< Prepare base model has started >>>>>]
[2023-10-19 01:43:31,231: INFO: common: yaml file: config/config.yaml loaded successfully]
[2023-10-19 01:43:31,232: INFO: common: yaml file: params.yaml loaded successfully]
[2023-10-19 01:43:31,232: INFO: common: created directory at: artifacts]
[2023-10-19 01:43:31,232: INFO: common: created directory at: artifacts/prepare_base_model]
[2023-10-19 01:43:31,843: WARNING: saving_utils: Compiled the loaded model, but the compiled metrics have yet to be built. `model.compile_metrics` will be empty until you train or evaluate the model.]
[2023-10-19 01:43:31,960: WARNING: optimizer: At this time, the v2.11+ optimizer `tf.keras.optimizers.SGD` runs slowly on M1/M2 Macs, please use the legacy Keras optimizer instead, located at `tf.keras.optimizers.legacy.SGD`.]
[2023-10-19 01:43:31,963: WARNING: __init__: There is a known slowdown when using v2.11+ Keras optimizers on M1/M2 Macs. Falling back to the legacy Keras optimizer, i.e., `tf.keras.optimizers.legacy.SGD`.]
[2023-10-19 01:43:32,046: INFO: main: Prepare base model is completed]
[2023-10-19 01:43:32,046: INFO: main: *******************]
[2023-10-19 01:43:32,046: INFO: main: >>>>>> stage Training started <<<<<<]
[2023-10-19 01:43:32,048: INFO: common: yaml file: config/config.yaml loaded successfully]
[2023-10-19 01:43:32,049: INFO: common: yaml file: params.yaml loaded successfully]
[2023-10-19 01:43:32,049: INFO: common: created directory at: artifacts]
[2023-10-19 01:43:32,049: INFO: common: created directory at: artifacts/training]
[2023-10-19 01:47:17,172: INFO: main: >>>>>> stage Training completed <<<<<<

x==========x]
[2023-10-19 01:47:17,173: INFO: main: *******************]
[2023-10-19 01:47:17,173: INFO: main: >>>>>> stage Evaluation stage started <<<<<<]
[2023-10-19 01:47:17,176: INFO: common: yaml file: config/config.yaml loaded successfully]
[2023-10-19 01:47:17,177: INFO: common: yaml file: params.yaml loaded successfully]
[2023-10-19 01:47:17,177: INFO: common: created directory at: artifacts]
[2023-10-19 01:48:19,840: INFO: common: json file saved at: scores.json]
[2023-10-19 01:48:21,012: INFO: builder_impl: Assets written to: /var/folders/jp/ny5f6r_j36v_hmzh6cgr5_gw0000gn/T/tmp_tzvp35k/model/data/model/assets]
[2023-10-19 01:48:27,542: INFO: main: >>>>>> stage Evaluation stage completed <<<<<<

x==========x]
[2023-10-19 01:52:26,055: INFO: main: <<<< Data Injestion Stage has started >>>>>]
[2023-10-19 01:52:26,057: INFO: common: yaml file: config/config.yaml loaded successfully]
[2023-10-19 01:52:26,058: INFO: common: yaml file: params.yaml loaded successfully]
[2023-10-19 01:52:26,058: INFO: common: created directory at: artifacts]
[2023-10-19 01:52:26,058: INFO: common: created directory at: artifacts/data_injestion]
[2023-10-19 01:52:26,058: INFO: data_injestion: Downloading data from https://drive.google.com/file/d/17TCF4Q0VmWnpfeML-3O5npF2-C4UYlhe/view?usp=sharing into file artifacts/data_injestion/data.zip]
[2023-10-19 01:53:41,271: INFO: data_injestion: Downloaded data from https://drive.google.com/file/d/17TCF4Q0VmWnpfeML-3O5npF2-C4UYlhe/view?usp=sharing into artifacts/data_injestion/data.zip]
[2023-10-19 01:53:50,058: INFO: main: Data Injestion Stage is completed]
[2023-10-19 01:53:50,058: INFO: main: <<<< Prepare base model has started >>>>>]
[2023-10-19 01:53:50,060: INFO: common: yaml file: config/config.yaml loaded successfully]
[2023-10-19 01:53:50,062: INFO: common: yaml file: params.yaml loaded successfully]
[2023-10-19 01:53:50,062: INFO: common: created directory at: artifacts]
[2023-10-19 01:53:50,062: INFO: common: created directory at: artifacts/prepare_base_model]
[2023-10-19 01:53:50,710: WARNING: saving_utils: Compiled the loaded model, but the compiled metrics have yet to be built. `model.compile_metrics` will be empty until you train or evaluate the model.]
[2023-10-19 01:53:50,812: WARNING: optimizer: At this time, the v2.11+ optimizer `tf.keras.optimizers.SGD` runs slowly on M1/M2 Macs, please use the legacy Keras optimizer instead, located at `tf.keras.optimizers.legacy.SGD`.]
[2023-10-19 01:53:50,815: WARNING: __init__: There is a known slowdown when using v2.11+ Keras optimizers on M1/M2 Macs. Falling back to the legacy Keras optimizer, i.e., `tf.keras.optimizers.legacy.SGD`.]
[2023-10-19 01:53:50,904: INFO: main: Prepare base model is completed]
[2023-10-19 01:53:50,904: INFO: main: *******************]
[2023-10-19 01:53:50,904: INFO: main: >>>>>> stage Training started <<<<<<]
[2023-10-19 01:53:50,905: INFO: common: yaml file: config/config.yaml loaded successfully]
[2023-10-19 01:53:50,906: INFO: common: yaml file: params.yaml loaded successfully]
[2023-10-19 01:53:50,906: INFO: common: created directory at: artifacts]
[2023-10-19 01:53:50,907: INFO: common: created directory at: artifacts/training]
[2023-10-19 01:58:01,390: INFO: main: >>>>>> stage Training completed <<<<<<

x==========x]
[2023-10-19 01:58:01,391: INFO: main: *******************]
[2023-10-19 01:58:01,391: INFO: main: >>>>>> stage Evaluation stage started <<<<<<]
[2023-10-19 01:58:01,393: INFO: common: yaml file: config/config.yaml loaded successfully]
[2023-10-19 01:58:01,394: INFO: common: yaml file: params.yaml loaded successfully]
[2023-10-19 01:58:01,394: INFO: common: created directory at: artifacts]
[2023-10-19 01:59:06,105: INFO: common: json file saved at: scores.json]
[2023-10-19 01:59:07,282: INFO: builder_impl: Assets written to: /var/folders/jp/ny5f6r_j36v_hmzh6cgr5_gw0000gn/T/tmpt2zymina/model/data/model/assets]
[2023-10-19 01:59:12,938: INFO: main: >>>>>> stage Evaluation stage completed <<<<<<

x==========x]
