[2023-10-07 15:45:17,574: INFO: main: welcome to the first custom log]
[2023-10-12 19:29:55,751: ERROR: main: name 'STAGE_NAME' is not defined]
Traceback (most recent call last):
  File "main.py", line 5, in <module>
    logger.info(f"<<<< {STAGE_NAME} has started >>>>>")
NameError: name 'STAGE_NAME' is not defined
[2023-10-12 19:30:26,170: INFO: main: <<<< Data Injestion Stage has started >>>>>]
[2023-10-12 19:30:26,170: ERROR: main: __init__() missing 2 required positional arguments: 'config_file_path' and 'params_file_path']
Traceback (most recent call last):
  File "main.py", line 9, in <module>
    obj.main()
  File "/Users/bivasbisht/Deep-Learning_project/kidney_classification_deep-learnig/src/cnnClassifier/pipeline/stage_01_data_injestion.py", line 12, in main
    config = ConfigurationManager()
TypeError: __init__() missing 2 required positional arguments: 'config_file_path' and 'params_file_path'
[2023-10-12 19:32:05,401: INFO: main: <<<< Data Injestion Stage has started >>>>>]
[2023-10-12 19:32:05,401: ERROR: main: __init__() missing 2 required positional arguments: 'config_file_path' and 'params_file_path']
Traceback (most recent call last):
  File "main.py", line 9, in <module>
    obj.main()
  File "/Users/bivasbisht/Deep-Learning_project/kidney_classification_deep-learnig/src/cnnClassifier/pipeline/stage_01_data_injestion.py", line 12, in main
    config = ConfigurationManager()
TypeError: __init__() missing 2 required positional arguments: 'config_file_path' and 'params_file_path'
[2023-10-12 19:35:45,896: INFO: main: <<<< Data Injestion Stage has started >>>>>]
[2023-10-12 19:35:45,896: ERROR: main: __init__() missing 2 required positional arguments: 'config_file_path' and 'params_file_path']
Traceback (most recent call last):
  File "main.py", line 9, in <module>
    obj.main()
  File "/Users/bivasbisht/Deep-Learning_project/kidney_classification_deep-learnig/src/cnnClassifier/pipeline/stage_01_data_injestion.py", line 12, in main
    config = ConfigurationManager()
TypeError: __init__() missing 2 required positional arguments: 'config_file_path' and 'params_file_path'
[2023-10-12 19:37:59,435: INFO: main: <<<< Data Injestion Stage has started >>>>>]
[2023-10-12 19:37:59,436: INFO: common: yaml file: config/config.yaml loaded successfully]
[2023-10-12 19:37:59,436: INFO: common: yaml file: params.yaml loaded successfully]
[2023-10-12 19:37:59,436: INFO: common: created directory at: artifacts]
[2023-10-12 19:37:59,437: ERROR: main: "'ConfigBox' object has no attribute 'root_dir'"]
Traceback (most recent call last):
  File "/Users/bivasbisht/miniforge3/envs/kidney/lib/python3.8/site-packages/box/box.py", line 503, in __getitem__
    return super().__getitem__(item)
KeyError: 'root_dir'

The above exception was the direct cause of the following exception:

Traceback (most recent call last):
  File "/Users/bivasbisht/miniforge3/envs/kidney/lib/python3.8/site-packages/box/box.py", line 536, in __getattr__
    value = self.__getitem__(item, _ignore_default=True)
  File "/Users/bivasbisht/miniforge3/envs/kidney/lib/python3.8/site-packages/box/box.py", line 524, in __getitem__
    raise BoxKeyError(str(err)) from _exception_cause(err)
box.exceptions.BoxKeyError: "'root_dir'"

During handling of the above exception, another exception occurred:

Traceback (most recent call last):
  File "/Users/bivasbisht/miniforge3/envs/kidney/lib/python3.8/site-packages/box/box.py", line 538, in __getattr__
    value = object.__getattribute__(self, item)
AttributeError: 'ConfigBox' object has no attribute 'root_dir'

The above exception was the direct cause of the following exception:

Traceback (most recent call last):
  File "/Users/bivasbisht/miniforge3/envs/kidney/lib/python3.8/site-packages/box/config_box.py", line 28, in __getattr__
    return super().__getattr__(item)
  File "/Users/bivasbisht/miniforge3/envs/kidney/lib/python3.8/site-packages/box/box.py", line 552, in __getattr__
    raise BoxKeyError(str(err)) from _exception_cause(err)
box.exceptions.BoxKeyError: "'ConfigBox' object has no attribute 'root_dir'"

During handling of the above exception, another exception occurred:

Traceback (most recent call last):
  File "/Users/bivasbisht/miniforge3/envs/kidney/lib/python3.8/site-packages/box/box.py", line 503, in __getitem__
    return super().__getitem__(item)
KeyError: 'root_dir'

The above exception was the direct cause of the following exception:

Traceback (most recent call last):
  File "/Users/bivasbisht/miniforge3/envs/kidney/lib/python3.8/site-packages/box/box.py", line 536, in __getattr__
    value = self.__getitem__(item, _ignore_default=True)
  File "/Users/bivasbisht/miniforge3/envs/kidney/lib/python3.8/site-packages/box/box.py", line 524, in __getitem__
    raise BoxKeyError(str(err)) from _exception_cause(err)
box.exceptions.BoxKeyError: "'root_dir'"

During handling of the above exception, another exception occurred:

Traceback (most recent call last):
  File "/Users/bivasbisht/miniforge3/envs/kidney/lib/python3.8/site-packages/box/box.py", line 538, in __getattr__
    value = object.__getattribute__(self, item)
AttributeError: 'ConfigBox' object has no attribute 'root_dir'

The above exception was the direct cause of the following exception:

Traceback (most recent call last):
  File "main.py", line 9, in <module>
    obj.main()
  File "/Users/bivasbisht/Deep-Learning_project/kidney_classification_deep-learnig/src/cnnClassifier/pipeline/stage_01_data_injestion.py", line 13, in main
    data_injestion_config = config.get_data_injestion_config()
  File "/Users/bivasbisht/Deep-Learning_project/kidney_classification_deep-learnig/src/cnnClassifier/config/configuration.py", line 16, in get_data_injestion_config
    create_directories([config.root_dir])
  File "/Users/bivasbisht/miniforge3/envs/kidney/lib/python3.8/site-packages/box/config_box.py", line 30, in __getattr__
    return super().__getattr__(item.lower())
  File "/Users/bivasbisht/miniforge3/envs/kidney/lib/python3.8/site-packages/box/box.py", line 552, in __getattr__
    raise BoxKeyError(str(err)) from _exception_cause(err)
box.exceptions.BoxKeyError: "'ConfigBox' object has no attribute 'root_dir'"
[2023-10-13 10:08:39,788: INFO: main: <<<< Data Injestion Stage has started >>>>>]
[2023-10-13 10:08:39,789: INFO: common: yaml file: config/config.yaml loaded successfully]
[2023-10-13 10:08:39,789: INFO: common: yaml file: params.yaml loaded successfully]
[2023-10-13 10:08:39,789: INFO: common: created directory at: artifacts]
[2023-10-13 10:08:39,789: INFO: common: created directory at: artifacts/data_injestion]
[2023-10-13 10:08:39,789: INFO: data_injestion: Downloading data from https://drive.google.com/file/d/17TCF4Q0VmWnpfeML-3O5npF2-C4UYlhe/view?usp=sharing into file artifacts/data_injestion/data.zip]
[2023-10-13 10:09:54,422: INFO: data_injestion: Downloaded data from https://drive.google.com/file/d/17TCF4Q0VmWnpfeML-3O5npF2-C4UYlhe/view?usp=sharing into artifacts/data_injestion/data.zip]
[2023-10-13 10:10:03,106: INFO: main: Data Injestion Stage is completed]
[2023-10-13 15:29:16,002: INFO: common: yaml file: config/config.yaml loaded successfully]
[2023-10-13 15:29:16,012: INFO: common: yaml file: params.yaml loaded successfully]
[2023-10-13 15:29:16,017: INFO: common: created directory at: artifacts]
[2023-10-13 15:29:16,024: INFO: common: created directory at: artifacts/prepare_base_model]
[2023-10-13 15:30:46,324: INFO: common: yaml file: config/config.yaml loaded successfully]
[2023-10-13 15:30:46,326: INFO: common: yaml file: params.yaml loaded successfully]
[2023-10-13 15:30:46,326: INFO: common: created directory at: artifacts]
[2023-10-13 15:30:46,327: INFO: common: created directory at: artifacts/prepare_base_model]
[2023-10-13 15:30:51,325: WARNING: saving_utils: Compiled the loaded model, but the compiled metrics have yet to be built. `model.compile_metrics` will be empty until you train or evaluate the model.]
[2023-10-13 15:30:51,450: WARNING: optimizer: At this time, the v2.11+ optimizer `tf.keras.optimizers.SGD` runs slowly on M1/M2 Macs, please use the legacy Keras optimizer instead, located at `tf.keras.optimizers.legacy.SGD`.]
[2023-10-13 15:30:51,454: WARNING: __init__: There is a known slowdown when using v2.11+ Keras optimizers on M1/M2 Macs. Falling back to the legacy Keras optimizer, i.e., `tf.keras.optimizers.legacy.SGD`.]
[2023-10-18 17:21:54,287: INFO: main: <<<< Data Injestion Stage has started >>>>>]
[2023-10-18 17:21:54,289: INFO: common: yaml file: config/config.yaml loaded successfully]
[2023-10-18 17:21:54,290: INFO: common: yaml file: params.yaml loaded successfully]
[2023-10-18 17:21:54,290: INFO: common: created directory at: artifacts]
[2023-10-18 17:21:54,290: INFO: common: created directory at: artifacts/data_injestion]
[2023-10-18 17:21:54,290: INFO: data_injestion: Downloading data from https://drive.google.com/file/d/17TCF4Q0VmWnpfeML-3O5npF2-C4UYlhe/view?usp=sharing into file artifacts/data_injestion/data.zip]
[2023-10-18 17:22:51,171: INFO: data_injestion: Downloaded data from https://drive.google.com/file/d/17TCF4Q0VmWnpfeML-3O5npF2-C4UYlhe/view?usp=sharing into artifacts/data_injestion/data.zip]
[2023-10-18 17:23:01,498: INFO: main: Data Injestion Stage is completed]
[2023-10-18 17:23:01,498: INFO: main: <<<< Prepare base model has started >>>>>]
[2023-10-18 17:23:01,499: INFO: common: yaml file: config/config.yaml loaded successfully]
[2023-10-18 17:23:01,501: INFO: common: yaml file: params.yaml loaded successfully]
[2023-10-18 17:23:01,501: INFO: common: created directory at: artifacts]
[2023-10-18 17:23:01,501: INFO: common: created directory at: artifacts/prepare_base_model]
[2023-10-18 17:23:02,216: WARNING: saving_utils: Compiled the loaded model, but the compiled metrics have yet to be built. `model.compile_metrics` will be empty until you train or evaluate the model.]
[2023-10-18 17:23:02,341: WARNING: optimizer: At this time, the v2.11+ optimizer `tf.keras.optimizers.SGD` runs slowly on M1/M2 Macs, please use the legacy Keras optimizer instead, located at `tf.keras.optimizers.legacy.SGD`.]
[2023-10-18 17:23:02,345: WARNING: __init__: There is a known slowdown when using v2.11+ Keras optimizers on M1/M2 Macs. Falling back to the legacy Keras optimizer, i.e., `tf.keras.optimizers.legacy.SGD`.]
[2023-10-18 17:23:02,434: INFO: main: Prepare base model is completed]
[2023-10-18 17:57:54,299: INFO: common: yaml file: config/config.yaml loaded successfully]
[2023-10-18 17:57:54,302: INFO: common: yaml file: params.yaml loaded successfully]
[2023-10-18 17:57:54,304: INFO: common: created directory at: artifacts]
[2023-10-18 17:57:54,305: INFO: common: created directory at: artifacts/training]
[2023-10-18 17:59:37,195: INFO: common: yaml file: config/config.yaml loaded successfully]
[2023-10-18 17:59:37,197: INFO: common: yaml file: params.yaml loaded successfully]
[2023-10-18 17:59:37,198: INFO: common: created directory at: artifacts]
[2023-10-18 17:59:37,199: INFO: common: created directory at: artifacts/training]
[2023-10-18 17:59:43,674: INFO: common: yaml file: config/config.yaml loaded successfully]
[2023-10-18 17:59:43,676: INFO: common: yaml file: params.yaml loaded successfully]
[2023-10-18 17:59:43,677: INFO: common: created directory at: artifacts]
[2023-10-18 17:59:43,678: INFO: common: created directory at: artifacts/training]
[2023-10-18 18:01:01,018: INFO: common: yaml file: config/config.yaml loaded successfully]
[2023-10-18 18:01:01,020: INFO: common: yaml file: params.yaml loaded successfully]
[2023-10-18 18:01:01,021: INFO: common: created directory at: artifacts]
[2023-10-18 18:01:01,022: INFO: common: created directory at: artifacts/training]
[2023-10-18 18:22:31,711: INFO: main: <<<< Data Injestion Stage has started >>>>>]
[2023-10-18 18:22:31,713: INFO: common: yaml file: config/config.yaml loaded successfully]
[2023-10-18 18:22:31,714: INFO: common: yaml file: params.yaml loaded successfully]
[2023-10-18 18:22:31,714: INFO: common: created directory at: artifacts]
[2023-10-18 18:22:31,714: INFO: common: created directory at: artifacts/data_injestion]
[2023-10-18 18:22:31,714: INFO: data_injestion: Downloading data from https://drive.google.com/file/d/17TCF4Q0VmWnpfeML-3O5npF2-C4UYlhe/view?usp=sharing into file artifacts/data_injestion/data.zip]
[2023-10-18 18:23:18,325: INFO: data_injestion: Downloaded data from https://drive.google.com/file/d/17TCF4Q0VmWnpfeML-3O5npF2-C4UYlhe/view?usp=sharing into artifacts/data_injestion/data.zip]
[2023-10-18 18:23:27,073: INFO: main: Data Injestion Stage is completed]
[2023-10-18 18:23:27,073: INFO: main: <<<< Prepare base model has started >>>>>]
[2023-10-18 18:23:27,075: INFO: common: yaml file: config/config.yaml loaded successfully]
[2023-10-18 18:23:27,076: INFO: common: yaml file: params.yaml loaded successfully]
[2023-10-18 18:23:27,076: INFO: common: created directory at: artifacts]
[2023-10-18 18:23:27,076: INFO: common: created directory at: artifacts/prepare_base_model]
[2023-10-18 18:23:28,221: WARNING: saving_utils: Compiled the loaded model, but the compiled metrics have yet to be built. `model.compile_metrics` will be empty until you train or evaluate the model.]
[2023-10-18 18:23:28,346: WARNING: optimizer: At this time, the v2.11+ optimizer `tf.keras.optimizers.SGD` runs slowly on M1/M2 Macs, please use the legacy Keras optimizer instead, located at `tf.keras.optimizers.legacy.SGD`.]
[2023-10-18 18:23:28,349: WARNING: __init__: There is a known slowdown when using v2.11+ Keras optimizers on M1/M2 Macs. Falling back to the legacy Keras optimizer, i.e., `tf.keras.optimizers.legacy.SGD`.]
[2023-10-18 18:23:28,469: INFO: main: Prepare base model is completed]
[2023-10-18 18:23:28,469: INFO: main: *******************]
[2023-10-18 18:23:28,469: INFO: main: >>>>>> stage Training started <<<<<<]
[2023-10-18 18:23:28,470: INFO: common: yaml file: config/config.yaml loaded successfully]
[2023-10-18 18:23:28,471: INFO: common: yaml file: params.yaml loaded successfully]
[2023-10-18 18:23:28,472: INFO: common: created directory at: artifacts]
[2023-10-18 18:23:28,472: INFO: common: created directory at: artifacts/training]
[2023-10-18 18:27:27,492: INFO: main: >>>>>> stage Training completed <<<<<<

x==========x]
[2023-10-18 19:01:01,072: INFO: common: yaml file: config/config.yaml loaded successfully]
[2023-10-18 19:01:01,074: INFO: common: yaml file: params.yaml loaded successfully]
[2023-10-18 19:01:01,075: INFO: common: created directory at: artifacts]
[2023-10-18 19:02:12,571: INFO: common: yaml file: config/config.yaml loaded successfully]
[2023-10-18 19:02:12,573: INFO: common: yaml file: params.yaml loaded successfully]
[2023-10-18 19:02:12,574: INFO: common: created directory at: artifacts]
[2023-10-18 19:05:53,667: INFO: common: yaml file: config/config.yaml loaded successfully]
[2023-10-18 19:05:53,669: INFO: common: yaml file: params.yaml loaded successfully]
[2023-10-18 19:05:53,670: INFO: common: created directory at: artifacts]
[2023-10-18 19:07:00,744: INFO: common: json file saved at: scores.json]
[2023-10-18 19:07:03,000: INFO: builder_impl: Assets written to: /var/folders/jp/ny5f6r_j36v_hmzh6cgr5_gw0000gn/T/tmpmrbkfurl/model/data/model/assets]
[2023-10-18 19:08:56,847: INFO: common: yaml file: config/config.yaml loaded successfully]
[2023-10-18 19:08:56,850: INFO: common: yaml file: params.yaml loaded successfully]
[2023-10-18 19:08:56,851: INFO: common: created directory at: artifacts]
[2023-10-18 19:10:09,272: INFO: common: json file saved at: scores.json]
[2023-10-18 19:10:11,146: INFO: builder_impl: Assets written to: /var/folders/jp/ny5f6r_j36v_hmzh6cgr5_gw0000gn/T/tmpgu68uruf/model/data/model/assets]
[2023-10-18 19:13:58,750: INFO: common: yaml file: config/config.yaml loaded successfully]
[2023-10-18 19:13:58,752: INFO: common: yaml file: params.yaml loaded successfully]
[2023-10-18 19:13:58,753: INFO: common: created directory at: artifacts]
[2023-10-18 19:15:10,458: INFO: common: json file saved at: scores.json]
[2023-10-18 19:15:12,687: INFO: builder_impl: Assets written to: /var/folders/jp/ny5f6r_j36v_hmzh6cgr5_gw0000gn/T/tmpxshpvitm/model/data/model/assets]
[2023-10-18 19:33:14,000: INFO: common: yaml file: config/config.yaml loaded successfully]
[2023-10-18 19:33:14,002: INFO: common: yaml file: params.yaml loaded successfully]
[2023-10-18 19:33:14,003: INFO: common: created directory at: artifacts]
[2023-10-18 19:34:23,521: INFO: common: json file saved at: scores.json]
[2023-10-18 19:34:25,583: INFO: builder_impl: Assets written to: /var/folders/jp/ny5f6r_j36v_hmzh6cgr5_gw0000gn/T/tmp9bl5icxm/model/data/model/assets]
[2023-10-18 19:54:19,987: INFO: common: yaml file: config/config.yaml loaded successfully]
[2023-10-18 19:54:19,989: INFO: common: yaml file: params.yaml loaded successfully]
[2023-10-18 19:54:19,990: INFO: common: created directory at: artifacts]
[2023-10-18 19:55:32,180: INFO: common: json file saved at: scores.json]
[2023-10-18 19:55:34,373: INFO: builder_impl: Assets written to: /var/folders/jp/ny5f6r_j36v_hmzh6cgr5_gw0000gn/T/tmpqx0fng9n/model/data/model/assets]
[2023-10-18 19:57:04,540: INFO: common: yaml file: config/config.yaml loaded successfully]
[2023-10-18 19:57:04,543: INFO: common: yaml file: params.yaml loaded successfully]
[2023-10-18 19:57:04,543: INFO: common: created directory at: artifacts]
[2023-10-18 19:58:12,396: INFO: common: json file saved at: scores.json]
[2023-10-18 19:58:14,442: INFO: builder_impl: Assets written to: /var/folders/jp/ny5f6r_j36v_hmzh6cgr5_gw0000gn/T/tmptyhjs25b/model/data/model/assets]
[2023-10-18 20:02:12,289: INFO: common: yaml file: config/config.yaml loaded successfully]
[2023-10-18 20:02:12,293: INFO: common: yaml file: params.yaml loaded successfully]
[2023-10-18 20:02:12,295: INFO: common: created directory at: artifacts]
[2023-10-18 20:03:17,862: INFO: common: json file saved at: scores.json]
[2023-10-18 20:03:20,140: INFO: builder_impl: Assets written to: /var/folders/jp/ny5f6r_j36v_hmzh6cgr5_gw0000gn/T/tmpm5z8ich5/model/data/model/assets]
[2023-10-18 20:08:05,100: INFO: common: yaml file: config/config.yaml loaded successfully]
[2023-10-18 20:08:05,102: INFO: common: yaml file: params.yaml loaded successfully]
[2023-10-18 20:08:05,103: INFO: common: created directory at: artifacts]
[2023-10-18 20:09:11,359: INFO: common: json file saved at: scores.json]
[2023-10-18 20:09:15,313: INFO: builder_impl: Assets written to: /var/folders/jp/ny5f6r_j36v_hmzh6cgr5_gw0000gn/T/tmpojxmltme/model/data/model/assets]
[2023-10-19 01:15:42,229: INFO: main: <<<< Data Injestion Stage has started >>>>>]
[2023-10-19 01:15:42,230: INFO: common: yaml file: config/config.yaml loaded successfully]
[2023-10-19 01:15:42,232: INFO: common: yaml file: params.yaml loaded successfully]
[2023-10-19 01:15:42,232: INFO: common: created directory at: artifacts]
[2023-10-19 01:15:42,232: INFO: common: created directory at: artifacts/data_injestion]
[2023-10-19 01:15:42,232: INFO: data_injestion: Downloading data from https://drive.google.com/file/d/17TCF4Q0VmWnpfeML-3O5npF2-C4UYlhe/view?usp=sharing into file artifacts/data_injestion/data.zip]
[2023-10-19 01:17:01,330: INFO: data_injestion: Downloaded data from https://drive.google.com/file/d/17TCF4Q0VmWnpfeML-3O5npF2-C4UYlhe/view?usp=sharing into artifacts/data_injestion/data.zip]
[2023-10-19 01:17:10,188: INFO: main: Data Injestion Stage is completed]
[2023-10-19 01:17:10,188: INFO: main: <<<< Prepare base model has started >>>>>]
[2023-10-19 01:17:10,190: INFO: common: yaml file: config/config.yaml loaded successfully]
[2023-10-19 01:17:10,191: INFO: common: yaml file: params.yaml loaded successfully]
[2023-10-19 01:17:10,191: INFO: common: created directory at: artifacts]
[2023-10-19 01:17:10,191: INFO: common: created directory at: artifacts/prepare_base_model]
[2023-10-19 01:17:10,792: WARNING: saving_utils: Compiled the loaded model, but the compiled metrics have yet to be built. `model.compile_metrics` will be empty until you train or evaluate the model.]
[2023-10-19 01:17:10,898: WARNING: optimizer: At this time, the v2.11+ optimizer `tf.keras.optimizers.SGD` runs slowly on M1/M2 Macs, please use the legacy Keras optimizer instead, located at `tf.keras.optimizers.legacy.SGD`.]
[2023-10-19 01:17:10,901: WARNING: __init__: There is a known slowdown when using v2.11+ Keras optimizers on M1/M2 Macs. Falling back to the legacy Keras optimizer, i.e., `tf.keras.optimizers.legacy.SGD`.]
[2023-10-19 01:17:10,985: INFO: main: Prepare base model is completed]
[2023-10-19 01:17:10,985: INFO: main: *******************]
[2023-10-19 01:17:10,985: INFO: main: >>>>>> stage Training started <<<<<<]
[2023-10-19 01:17:10,986: INFO: common: yaml file: config/config.yaml loaded successfully]
[2023-10-19 01:17:10,987: INFO: common: yaml file: params.yaml loaded successfully]
[2023-10-19 01:17:10,987: INFO: common: created directory at: artifacts]
[2023-10-19 01:17:10,988: INFO: common: created directory at: artifacts/training]
[2023-10-19 01:20:56,569: INFO: main: >>>>>> stage Training completed <<<<<<

x==========x]
[2023-10-19 01:20:56,572: INFO: main: *******************]
[2023-10-19 01:20:56,572: INFO: main: >>>>>> stage Evaluation stage started <<<<<<]
[2023-10-19 01:20:56,574: INFO: common: yaml file: config/config.yaml loaded successfully]
[2023-10-19 01:20:56,575: INFO: common: yaml file: params.yaml loaded successfully]
[2023-10-19 01:20:56,575: INFO: common: created directory at: artifacts]
[2023-10-19 01:20:56,575: ERROR: main: 'ConfigurationManager' object has no attribute 'get_evaluation_config']
Traceback (most recent call last):
  File "main.py", line 49, in <module>
    obj.main()
  File "/Users/bivasbisht/Deep-Learning_project/kidney_classification_deep-learnig/src/cnnClassifier/pipeline/stage_04_model_evaluation.py", line 13, in main
    eval_config = config.get_evaluation_config()
AttributeError: 'ConfigurationManager' object has no attribute 'get_evaluation_config'
[2023-10-19 01:42:05,591: INFO: main: <<<< Data Injestion Stage has started >>>>>]
[2023-10-19 01:42:05,593: INFO: common: yaml file: config/config.yaml loaded successfully]
[2023-10-19 01:42:05,594: INFO: common: yaml file: params.yaml loaded successfully]
[2023-10-19 01:42:05,594: INFO: common: created directory at: artifacts]
[2023-10-19 01:42:05,594: INFO: common: created directory at: artifacts/data_injestion]
[2023-10-19 01:42:05,594: INFO: data_injestion: Downloading data from https://drive.google.com/file/d/17TCF4Q0VmWnpfeML-3O5npF2-C4UYlhe/view?usp=sharing into file artifacts/data_injestion/data.zip]
[2023-10-19 01:43:22,552: INFO: data_injestion: Downloaded data from https://drive.google.com/file/d/17TCF4Q0VmWnpfeML-3O5npF2-C4UYlhe/view?usp=sharing into artifacts/data_injestion/data.zip]
[2023-10-19 01:43:31,229: INFO: main: Data Injestion Stage is completed]
[2023-10-19 01:43:31,229: INFO: main: <<<< Prepare base model has started >>>>>]
[2023-10-19 01:43:31,231: INFO: common: yaml file: config/config.yaml loaded successfully]
[2023-10-19 01:43:31,232: INFO: common: yaml file: params.yaml loaded successfully]
[2023-10-19 01:43:31,232: INFO: common: created directory at: artifacts]
[2023-10-19 01:43:31,232: INFO: common: created directory at: artifacts/prepare_base_model]
[2023-10-19 01:43:31,843: WARNING: saving_utils: Compiled the loaded model, but the compiled metrics have yet to be built. `model.compile_metrics` will be empty until you train or evaluate the model.]
[2023-10-19 01:43:31,960: WARNING: optimizer: At this time, the v2.11+ optimizer `tf.keras.optimizers.SGD` runs slowly on M1/M2 Macs, please use the legacy Keras optimizer instead, located at `tf.keras.optimizers.legacy.SGD`.]
[2023-10-19 01:43:31,963: WARNING: __init__: There is a known slowdown when using v2.11+ Keras optimizers on M1/M2 Macs. Falling back to the legacy Keras optimizer, i.e., `tf.keras.optimizers.legacy.SGD`.]
[2023-10-19 01:43:32,046: INFO: main: Prepare base model is completed]
[2023-10-19 01:43:32,046: INFO: main: *******************]
[2023-10-19 01:43:32,046: INFO: main: >>>>>> stage Training started <<<<<<]
[2023-10-19 01:43:32,048: INFO: common: yaml file: config/config.yaml loaded successfully]
[2023-10-19 01:43:32,049: INFO: common: yaml file: params.yaml loaded successfully]
[2023-10-19 01:43:32,049: INFO: common: created directory at: artifacts]
[2023-10-19 01:43:32,049: INFO: common: created directory at: artifacts/training]
[2023-10-19 01:47:17,172: INFO: main: >>>>>> stage Training completed <<<<<<

x==========x]
[2023-10-19 01:47:17,173: INFO: main: *******************]
[2023-10-19 01:47:17,173: INFO: main: >>>>>> stage Evaluation stage started <<<<<<]
[2023-10-19 01:47:17,176: INFO: common: yaml file: config/config.yaml loaded successfully]
[2023-10-19 01:47:17,177: INFO: common: yaml file: params.yaml loaded successfully]
[2023-10-19 01:47:17,177: INFO: common: created directory at: artifacts]
[2023-10-19 01:48:19,840: INFO: common: json file saved at: scores.json]
[2023-10-19 01:48:21,012: INFO: builder_impl: Assets written to: /var/folders/jp/ny5f6r_j36v_hmzh6cgr5_gw0000gn/T/tmp_tzvp35k/model/data/model/assets]
[2023-10-19 01:48:27,542: INFO: main: >>>>>> stage Evaluation stage completed <<<<<<

x==========x]
[2023-10-19 01:52:26,055: INFO: main: <<<< Data Injestion Stage has started >>>>>]
[2023-10-19 01:52:26,057: INFO: common: yaml file: config/config.yaml loaded successfully]
[2023-10-19 01:52:26,058: INFO: common: yaml file: params.yaml loaded successfully]
[2023-10-19 01:52:26,058: INFO: common: created directory at: artifacts]
[2023-10-19 01:52:26,058: INFO: common: created directory at: artifacts/data_injestion]
[2023-10-19 01:52:26,058: INFO: data_injestion: Downloading data from https://drive.google.com/file/d/17TCF4Q0VmWnpfeML-3O5npF2-C4UYlhe/view?usp=sharing into file artifacts/data_injestion/data.zip]
[2023-10-19 01:53:41,271: INFO: data_injestion: Downloaded data from https://drive.google.com/file/d/17TCF4Q0VmWnpfeML-3O5npF2-C4UYlhe/view?usp=sharing into artifacts/data_injestion/data.zip]
[2023-10-19 01:53:50,058: INFO: main: Data Injestion Stage is completed]
[2023-10-19 01:53:50,058: INFO: main: <<<< Prepare base model has started >>>>>]
[2023-10-19 01:53:50,060: INFO: common: yaml file: config/config.yaml loaded successfully]
[2023-10-19 01:53:50,062: INFO: common: yaml file: params.yaml loaded successfully]
[2023-10-19 01:53:50,062: INFO: common: created directory at: artifacts]
[2023-10-19 01:53:50,062: INFO: common: created directory at: artifacts/prepare_base_model]
[2023-10-19 01:53:50,710: WARNING: saving_utils: Compiled the loaded model, but the compiled metrics have yet to be built. `model.compile_metrics` will be empty until you train or evaluate the model.]
[2023-10-19 01:53:50,812: WARNING: optimizer: At this time, the v2.11+ optimizer `tf.keras.optimizers.SGD` runs slowly on M1/M2 Macs, please use the legacy Keras optimizer instead, located at `tf.keras.optimizers.legacy.SGD`.]
[2023-10-19 01:53:50,815: WARNING: __init__: There is a known slowdown when using v2.11+ Keras optimizers on M1/M2 Macs. Falling back to the legacy Keras optimizer, i.e., `tf.keras.optimizers.legacy.SGD`.]
[2023-10-19 01:53:50,904: INFO: main: Prepare base model is completed]
[2023-10-19 01:53:50,904: INFO: main: *******************]
[2023-10-19 01:53:50,904: INFO: main: >>>>>> stage Training started <<<<<<]
[2023-10-19 01:53:50,905: INFO: common: yaml file: config/config.yaml loaded successfully]
[2023-10-19 01:53:50,906: INFO: common: yaml file: params.yaml loaded successfully]
[2023-10-19 01:53:50,906: INFO: common: created directory at: artifacts]
[2023-10-19 01:53:50,907: INFO: common: created directory at: artifacts/training]
[2023-10-19 01:58:01,390: INFO: main: >>>>>> stage Training completed <<<<<<

x==========x]
[2023-10-19 01:58:01,391: INFO: main: *******************]
[2023-10-19 01:58:01,391: INFO: main: >>>>>> stage Evaluation stage started <<<<<<]
[2023-10-19 01:58:01,393: INFO: common: yaml file: config/config.yaml loaded successfully]
[2023-10-19 01:58:01,394: INFO: common: yaml file: params.yaml loaded successfully]
[2023-10-19 01:58:01,394: INFO: common: created directory at: artifacts]
[2023-10-19 01:59:06,105: INFO: common: json file saved at: scores.json]
[2023-10-19 01:59:07,282: INFO: builder_impl: Assets written to: /var/folders/jp/ny5f6r_j36v_hmzh6cgr5_gw0000gn/T/tmpt2zymina/model/data/model/assets]
[2023-10-19 01:59:12,938: INFO: main: >>>>>> stage Evaluation stage completed <<<<<<

x==========x]
[2023-10-19 02:09:41,216: INFO: main: <<<< Data Injestion Stage has started >>>>>]
[2023-10-19 02:09:41,218: INFO: common: yaml file: config/config.yaml loaded successfully]
[2023-10-19 02:09:41,219: INFO: common: yaml file: params.yaml loaded successfully]
[2023-10-19 02:09:41,219: INFO: common: created directory at: artifacts]
[2023-10-19 02:09:41,219: INFO: common: created directory at: artifacts/data_injestion]
[2023-10-19 02:09:41,219: INFO: data_injestion: Downloading data from https://drive.google.com/file/d/17TCF4Q0VmWnpfeML-3O5npF2-C4UYlhe/view?usp=sharing into file artifacts/data_injestion/data.zip]
[2023-10-19 02:10:56,172: INFO: data_injestion: Downloaded data from https://drive.google.com/file/d/17TCF4Q0VmWnpfeML-3O5npF2-C4UYlhe/view?usp=sharing into artifacts/data_injestion/data.zip]
[2023-10-19 02:11:06,361: INFO: main: Data Injestion Stage is completed]
[2023-10-19 02:11:06,361: INFO: main: <<<< Prepare base model has started >>>>>]
[2023-10-19 02:11:06,363: INFO: common: yaml file: config/config.yaml loaded successfully]
[2023-10-19 02:11:06,364: INFO: common: yaml file: params.yaml loaded successfully]
[2023-10-19 02:11:06,364: INFO: common: created directory at: artifacts]
[2023-10-19 02:11:06,364: INFO: common: created directory at: artifacts/prepare_base_model]
[2023-10-19 02:11:06,928: WARNING: saving_utils: Compiled the loaded model, but the compiled metrics have yet to be built. `model.compile_metrics` will be empty until you train or evaluate the model.]
[2023-10-19 02:11:07,029: WARNING: optimizer: At this time, the v2.11+ optimizer `tf.keras.optimizers.SGD` runs slowly on M1/M2 Macs, please use the legacy Keras optimizer instead, located at `tf.keras.optimizers.legacy.SGD`.]
[2023-10-19 02:11:07,032: WARNING: __init__: There is a known slowdown when using v2.11+ Keras optimizers on M1/M2 Macs. Falling back to the legacy Keras optimizer, i.e., `tf.keras.optimizers.legacy.SGD`.]
[2023-10-19 02:11:07,113: INFO: main: Prepare base model is completed]
[2023-10-19 02:11:07,113: INFO: main: *******************]
[2023-10-19 02:11:07,113: INFO: main: >>>>>> stage Training started <<<<<<]
[2023-10-19 02:11:07,114: INFO: common: yaml file: config/config.yaml loaded successfully]
[2023-10-19 02:11:07,115: INFO: common: yaml file: params.yaml loaded successfully]
[2023-10-19 02:11:07,115: INFO: common: created directory at: artifacts]
[2023-10-19 02:11:07,115: INFO: common: created directory at: artifacts/training]
[2023-10-19 02:14:57,690: INFO: main: >>>>>> stage Training completed <<<<<<

x==========x]
[2023-10-19 02:14:57,690: INFO: main: *******************]
[2023-10-19 02:14:57,690: INFO: main: >>>>>> stage Evaluation stage started <<<<<<]
[2023-10-19 02:14:57,693: INFO: common: yaml file: config/config.yaml loaded successfully]
[2023-10-19 02:14:57,694: INFO: common: yaml file: params.yaml loaded successfully]
[2023-10-19 02:14:57,694: INFO: common: created directory at: artifacts]
[2023-10-19 02:16:00,688: INFO: common: json file saved at: scores.json]
[2023-10-19 02:16:01,863: INFO: builder_impl: Assets written to: /var/folders/jp/ny5f6r_j36v_hmzh6cgr5_gw0000gn/T/tmpjq9ucbju/model/data/model/assets]
[2023-10-19 02:16:07,536: INFO: main: >>>>>> stage Evaluation stage completed <<<<<<

x==========x]
[2023-10-19 07:42:36,081: INFO: common: yaml file: config/config.yaml loaded successfully]
[2023-10-19 07:42:36,083: INFO: common: yaml file: params.yaml loaded successfully]
[2023-10-19 07:42:36,084: INFO: common: created directory at: artifacts]
[2023-10-19 07:43:42,190: INFO: common: json file saved at: scores.json]
[2023-10-19 07:43:44,348: INFO: builder_impl: Assets written to: /var/folders/jp/ny5f6r_j36v_hmzh6cgr5_gw0000gn/T/tmpkeukn_ve/model/data/model/assets]
[2023-10-19 07:49:47,433: INFO: main: <<<< Data Injestion Stage has started >>>>>]
[2023-10-19 07:49:47,435: INFO: common: yaml file: config/config.yaml loaded successfully]
[2023-10-19 07:49:47,436: INFO: common: yaml file: params.yaml loaded successfully]
[2023-10-19 07:49:47,436: INFO: common: created directory at: artifacts]
[2023-10-19 07:49:47,436: INFO: common: created directory at: artifacts/data_injestion]
[2023-10-19 07:49:47,436: INFO: data_injestion: Downloading data from https://drive.google.com/file/d/17TCF4Q0VmWnpfeML-3O5npF2-C4UYlhe/view?usp=sharing into file artifacts/data_injestion/data.zip]
[2023-10-19 07:51:01,714: INFO: data_injestion: Downloaded data from https://drive.google.com/file/d/17TCF4Q0VmWnpfeML-3O5npF2-C4UYlhe/view?usp=sharing into artifacts/data_injestion/data.zip]
[2023-10-19 07:51:11,108: INFO: main: Data Injestion Stage is completed]
[2023-10-19 07:51:11,108: INFO: main: <<<< Prepare base model has started >>>>>]
[2023-10-19 07:51:11,111: INFO: common: yaml file: config/config.yaml loaded successfully]
[2023-10-19 07:51:11,112: INFO: common: yaml file: params.yaml loaded successfully]
[2023-10-19 07:51:11,112: INFO: common: created directory at: artifacts]
[2023-10-19 07:51:11,112: INFO: common: created directory at: artifacts/prepare_base_model]
[2023-10-19 07:51:11,733: WARNING: saving_utils: Compiled the loaded model, but the compiled metrics have yet to be built. `model.compile_metrics` will be empty until you train or evaluate the model.]
[2023-10-19 07:51:11,838: WARNING: optimizer: At this time, the v2.11+ optimizer `tf.keras.optimizers.SGD` runs slowly on M1/M2 Macs, please use the legacy Keras optimizer instead, located at `tf.keras.optimizers.legacy.SGD`.]
[2023-10-19 07:51:11,841: WARNING: __init__: There is a known slowdown when using v2.11+ Keras optimizers on M1/M2 Macs. Falling back to the legacy Keras optimizer, i.e., `tf.keras.optimizers.legacy.SGD`.]
[2023-10-19 07:51:11,923: INFO: main: Prepare base model is completed]
[2023-10-19 07:51:11,923: INFO: main: *******************]
[2023-10-19 07:51:11,923: INFO: main: >>>>>> stage Training started <<<<<<]
[2023-10-19 07:51:11,925: INFO: common: yaml file: config/config.yaml loaded successfully]
[2023-10-19 07:51:11,926: INFO: common: yaml file: params.yaml loaded successfully]
[2023-10-19 07:51:11,926: INFO: common: created directory at: artifacts]
[2023-10-19 07:51:11,926: INFO: common: created directory at: artifacts/training]
[2023-10-19 07:55:26,375: INFO: main: >>>>>> stage Training completed <<<<<<

x==========x]
[2023-10-19 07:55:26,378: INFO: main: *******************]
[2023-10-19 07:55:26,378: INFO: main: >>>>>> stage Evaluation stage started <<<<<<]
[2023-10-19 07:55:26,381: INFO: common: yaml file: config/config.yaml loaded successfully]
[2023-10-19 07:55:26,382: INFO: common: yaml file: params.yaml loaded successfully]
[2023-10-19 07:55:26,382: INFO: common: created directory at: artifacts]
[2023-10-19 07:56:34,171: INFO: common: json file saved at: scores.json]
[2023-10-19 07:56:34,172: INFO: common: json file saved at: scores.json]
[2023-10-19 07:56:35,385: INFO: builder_impl: Assets written to: /var/folders/jp/ny5f6r_j36v_hmzh6cgr5_gw0000gn/T/tmplhlng89g/model/data/model/assets]
[2023-10-19 07:56:41,339: INFO: main: >>>>>> stage Evaluation stage completed <<<<<<

x==========x]
[2023-10-19 08:01:47,993: INFO: main: <<<< Data Injestion Stage has started >>>>>]
[2023-10-19 08:01:47,995: INFO: common: yaml file: config/config.yaml loaded successfully]
[2023-10-19 08:01:47,996: INFO: common: yaml file: params.yaml loaded successfully]
[2023-10-19 08:01:47,996: INFO: common: created directory at: artifacts]
[2023-10-19 08:01:47,996: INFO: common: created directory at: artifacts/data_injestion]
[2023-10-19 08:01:47,997: INFO: data_injestion: Downloading data from https://drive.google.com/file/d/17TCF4Q0VmWnpfeML-3O5npF2-C4UYlhe/view?usp=sharing into file artifacts/data_injestion/data.zip]
[2023-10-19 08:03:01,999: INFO: data_injestion: Downloaded data from https://drive.google.com/file/d/17TCF4Q0VmWnpfeML-3O5npF2-C4UYlhe/view?usp=sharing into artifacts/data_injestion/data.zip]
[2023-10-19 08:03:10,455: INFO: main: Data Injestion Stage is completed]
[2023-10-19 08:03:10,457: INFO: main: <<<< Prepare base model has started >>>>>]
[2023-10-19 08:03:10,459: INFO: common: yaml file: config/config.yaml loaded successfully]
[2023-10-19 08:03:10,461: INFO: common: yaml file: params.yaml loaded successfully]
[2023-10-19 08:03:10,464: INFO: common: created directory at: artifacts]
[2023-10-19 08:03:10,464: INFO: common: created directory at: artifacts/prepare_base_model]
[2023-10-19 08:03:11,113: WARNING: saving_utils: Compiled the loaded model, but the compiled metrics have yet to be built. `model.compile_metrics` will be empty until you train or evaluate the model.]
[2023-10-19 08:03:11,220: WARNING: optimizer: At this time, the v2.11+ optimizer `tf.keras.optimizers.SGD` runs slowly on M1/M2 Macs, please use the legacy Keras optimizer instead, located at `tf.keras.optimizers.legacy.SGD`.]
[2023-10-19 08:03:11,223: WARNING: __init__: There is a known slowdown when using v2.11+ Keras optimizers on M1/M2 Macs. Falling back to the legacy Keras optimizer, i.e., `tf.keras.optimizers.legacy.SGD`.]
[2023-10-19 08:03:11,300: INFO: main: Prepare base model is completed]
[2023-10-19 08:03:11,301: INFO: main: *******************]
[2023-10-19 08:03:11,301: INFO: main: >>>>>> stage Training started <<<<<<]
[2023-10-19 08:03:11,302: INFO: common: yaml file: config/config.yaml loaded successfully]
[2023-10-19 08:03:11,303: INFO: common: yaml file: params.yaml loaded successfully]
[2023-10-19 08:03:11,303: INFO: common: created directory at: artifacts]
[2023-10-19 08:03:11,303: INFO: common: created directory at: artifacts/training]
[2023-10-19 08:07:22,386: INFO: main: >>>>>> stage Training completed <<<<<<

x==========x]
[2023-10-19 08:07:22,387: INFO: main: *******************]
[2023-10-19 08:07:22,387: INFO: main: >>>>>> stage Evaluation stage started <<<<<<]
[2023-10-19 08:07:22,389: INFO: common: yaml file: config/config.yaml loaded successfully]
[2023-10-19 08:07:22,391: INFO: common: yaml file: params.yaml loaded successfully]
[2023-10-19 08:07:22,391: INFO: common: created directory at: artifacts]
[2023-10-19 08:08:34,642: INFO: common: json file saved at: scores.json]
[2023-10-19 08:08:34,642: INFO: common: json file saved at: scores.json]
[2023-10-19 08:08:35,854: INFO: builder_impl: Assets written to: /var/folders/jp/ny5f6r_j36v_hmzh6cgr5_gw0000gn/T/tmpyqfdztoc/model/data/model/assets]
[2023-10-19 08:08:42,120: INFO: main: >>>>>> stage Evaluation stage completed <<<<<<

x==========x]
[2023-10-19 08:24:36,273: INFO: main: <<<< Data Injestion Stage has started >>>>>]
[2023-10-19 08:24:36,275: INFO: common: yaml file: config/config.yaml loaded successfully]
[2023-10-19 08:24:36,276: INFO: common: yaml file: params.yaml loaded successfully]
[2023-10-19 08:24:36,276: INFO: common: created directory at: artifacts]
[2023-10-19 08:24:36,276: INFO: common: created directory at: artifacts/data_injestion]
[2023-10-19 08:24:36,276: INFO: data_injestion: Downloading data from https://drive.google.com/file/d/17TCF4Q0VmWnpfeML-3O5npF2-C4UYlhe/view?usp=sharing into file artifacts/data_injestion/data.zip]
[2023-10-19 08:25:51,075: INFO: data_injestion: Downloaded data from https://drive.google.com/file/d/17TCF4Q0VmWnpfeML-3O5npF2-C4UYlhe/view?usp=sharing into artifacts/data_injestion/data.zip]
[2023-10-19 08:25:59,359: INFO: main: Data Injestion Stage is completed]
[2023-10-19 08:25:59,360: INFO: main: <<<< Prepare base model has started >>>>>]
[2023-10-19 08:25:59,361: INFO: common: yaml file: config/config.yaml loaded successfully]
[2023-10-19 08:25:59,362: INFO: common: yaml file: params.yaml loaded successfully]
[2023-10-19 08:25:59,363: INFO: common: created directory at: artifacts]
[2023-10-19 08:25:59,363: INFO: common: created directory at: artifacts/prepare_base_model]
[2023-10-19 08:25:59,921: WARNING: saving_utils: Compiled the loaded model, but the compiled metrics have yet to be built. `model.compile_metrics` will be empty until you train or evaluate the model.]
[2023-10-19 08:26:00,025: WARNING: optimizer: At this time, the v2.11+ optimizer `tf.keras.optimizers.SGD` runs slowly on M1/M2 Macs, please use the legacy Keras optimizer instead, located at `tf.keras.optimizers.legacy.SGD`.]
[2023-10-19 08:26:00,029: WARNING: __init__: There is a known slowdown when using v2.11+ Keras optimizers on M1/M2 Macs. Falling back to the legacy Keras optimizer, i.e., `tf.keras.optimizers.legacy.SGD`.]
[2023-10-19 08:26:00,112: INFO: main: Prepare base model is completed]
[2023-10-19 08:26:00,112: INFO: main: *******************]
[2023-10-19 08:26:00,112: INFO: main: >>>>>> stage Training started <<<<<<]
[2023-10-19 08:26:00,113: INFO: common: yaml file: config/config.yaml loaded successfully]
[2023-10-19 08:26:00,114: INFO: common: yaml file: params.yaml loaded successfully]
[2023-10-19 08:26:00,114: INFO: common: created directory at: artifacts]
[2023-10-19 08:26:00,114: INFO: common: created directory at: artifacts/training]
[2023-10-19 08:29:45,282: INFO: main: >>>>>> stage Training completed <<<<<<

x==========x]
[2023-10-19 08:29:45,283: INFO: main: *******************]
[2023-10-19 08:29:45,283: INFO: main: >>>>>> stage Evaluation stage started <<<<<<]
[2023-10-19 08:29:45,284: INFO: common: yaml file: config/config.yaml loaded successfully]
[2023-10-19 08:29:45,285: INFO: common: yaml file: params.yaml loaded successfully]
[2023-10-19 08:29:45,285: INFO: common: created directory at: artifacts]
[2023-10-19 08:30:47,549: INFO: common: json file saved at: scores.json]
[2023-10-19 08:30:47,550: INFO: common: json file saved at: scores.json]
[2023-10-19 08:30:48,714: INFO: builder_impl: Assets written to: /var/folders/jp/ny5f6r_j36v_hmzh6cgr5_gw0000gn/T/tmpcw48nhhl/model/data/model/assets]
[2023-10-19 08:30:54,466: INFO: main: >>>>>> stage Evaluation stage completed <<<<<<

x==========x]
[2023-10-19 08:34:20,221: INFO: main: <<<< Data Injestion Stage has started >>>>>]
[2023-10-19 08:34:20,223: INFO: common: yaml file: config/config.yaml loaded successfully]
[2023-10-19 08:34:20,224: INFO: common: yaml file: params.yaml loaded successfully]
[2023-10-19 08:34:20,224: INFO: common: created directory at: artifacts]
[2023-10-19 08:34:20,224: INFO: common: created directory at: artifacts/data_injestion]
[2023-10-19 08:34:20,224: INFO: data_injestion: Downloading data from https://drive.google.com/file/d/17TCF4Q0VmWnpfeML-3O5npF2-C4UYlhe/view?usp=sharing into file artifacts/data_injestion/data.zip]
[2023-10-19 08:35:36,821: INFO: data_injestion: Downloaded data from https://drive.google.com/file/d/17TCF4Q0VmWnpfeML-3O5npF2-C4UYlhe/view?usp=sharing into artifacts/data_injestion/data.zip]
[2023-10-19 08:35:44,825: INFO: main: Data Injestion Stage is completed]
[2023-10-19 08:35:44,825: INFO: main: <<<< Prepare base model has started >>>>>]
[2023-10-19 08:35:44,827: INFO: common: yaml file: config/config.yaml loaded successfully]
[2023-10-19 08:35:44,828: INFO: common: yaml file: params.yaml loaded successfully]
[2023-10-19 08:35:44,828: INFO: common: created directory at: artifacts]
[2023-10-19 08:35:44,828: INFO: common: created directory at: artifacts/prepare_base_model]
[2023-10-19 08:35:45,389: WARNING: saving_utils: Compiled the loaded model, but the compiled metrics have yet to be built. `model.compile_metrics` will be empty until you train or evaluate the model.]
[2023-10-19 08:35:45,493: WARNING: optimizer: At this time, the v2.11+ optimizer `tf.keras.optimizers.SGD` runs slowly on M1/M2 Macs, please use the legacy Keras optimizer instead, located at `tf.keras.optimizers.legacy.SGD`.]
[2023-10-19 08:35:45,496: WARNING: __init__: There is a known slowdown when using v2.11+ Keras optimizers on M1/M2 Macs. Falling back to the legacy Keras optimizer, i.e., `tf.keras.optimizers.legacy.SGD`.]
[2023-10-19 08:35:45,583: INFO: main: Prepare base model is completed]
[2023-10-19 08:35:45,583: INFO: main: *******************]
[2023-10-19 08:35:45,583: INFO: main: >>>>>> stage Training started <<<<<<]
[2023-10-19 08:35:45,585: INFO: common: yaml file: config/config.yaml loaded successfully]
[2023-10-19 08:35:45,586: INFO: common: yaml file: params.yaml loaded successfully]
[2023-10-19 08:35:45,586: INFO: common: created directory at: artifacts]
[2023-10-19 08:35:45,586: INFO: common: created directory at: artifacts/training]
[2023-10-19 08:39:31,343: INFO: main: >>>>>> stage Training completed <<<<<<

x==========x]
[2023-10-19 08:39:31,347: INFO: main: *******************]
[2023-10-19 08:39:31,347: INFO: main: >>>>>> stage Evaluation stage started <<<<<<]
[2023-10-19 08:39:31,348: INFO: common: yaml file: config/config.yaml loaded successfully]
[2023-10-19 08:39:31,349: INFO: common: yaml file: params.yaml loaded successfully]
[2023-10-19 08:39:31,349: INFO: common: created directory at: artifacts]
[2023-10-19 08:40:35,694: INFO: common: json file saved at: scores.json]
[2023-10-19 08:40:35,695: INFO: common: json file saved at: scores.json]
[2023-10-19 08:40:36,888: INFO: builder_impl: Assets written to: /var/folders/jp/ny5f6r_j36v_hmzh6cgr5_gw0000gn/T/tmpaig40iey/model/data/model/assets]
[2023-10-19 08:40:42,672: INFO: main: >>>>>> stage Evaluation stage completed <<<<<<

x==========x]
[2023-10-19 09:21:04,438: INFO: stage_01_data_injestion: <<<< Data Injestion Stage has started >>>>>]
[2023-10-19 09:21:04,441: INFO: common: yaml file: config/config.yaml loaded successfully]
[2023-10-19 09:21:04,442: INFO: common: yaml file: params.yaml loaded successfully]
[2023-10-19 09:21:04,442: INFO: common: created directory at: artifacts]
[2023-10-19 09:21:04,442: INFO: common: created directory at: artifacts/data_injestion]
[2023-10-19 09:21:04,442: INFO: data_injestion: Downloading data from https://drive.google.com/file/d/17TCF4Q0VmWnpfeML-3O5npF2-C4UYlhe/view?usp=sharing into file artifacts/data_injestion/data.zip]
[2023-10-19 09:22:18,988: INFO: data_injestion: Downloaded data from https://drive.google.com/file/d/17TCF4Q0VmWnpfeML-3O5npF2-C4UYlhe/view?usp=sharing into artifacts/data_injestion/data.zip]
[2023-10-19 09:22:28,311: INFO: stage_01_data_injestion: Data Injestion Stage is completed]
[2023-10-19 09:22:50,162: INFO: stage_02_prepare_base_model: <<<< Prepare base model has started >>>>>]
[2023-10-19 09:22:50,164: INFO: common: yaml file: config/config.yaml loaded successfully]
[2023-10-19 09:22:50,165: INFO: common: yaml file: params.yaml loaded successfully]
[2023-10-19 09:22:50,165: INFO: common: created directory at: artifacts]
[2023-10-19 09:22:50,165: INFO: common: created directory at: artifacts/prepare_base_model]
[2023-10-19 09:22:50,800: WARNING: saving_utils: Compiled the loaded model, but the compiled metrics have yet to be built. `model.compile_metrics` will be empty until you train or evaluate the model.]
[2023-10-19 09:22:50,915: WARNING: optimizer: At this time, the v2.11+ optimizer `tf.keras.optimizers.SGD` runs slowly on M1/M2 Macs, please use the legacy Keras optimizer instead, located at `tf.keras.optimizers.legacy.SGD`.]
[2023-10-19 09:22:50,918: WARNING: __init__: There is a known slowdown when using v2.11+ Keras optimizers on M1/M2 Macs. Falling back to the legacy Keras optimizer, i.e., `tf.keras.optimizers.legacy.SGD`.]
[2023-10-19 09:22:51,011: INFO: stage_02_prepare_base_model: Prepare base model is completed]
[2023-10-19 09:22:56,288: INFO: stage_03_model_training: *******************]
[2023-10-19 09:22:56,288: INFO: stage_03_model_training: >>>>>> stage Training started <<<<<<]
[2023-10-19 09:22:56,290: INFO: common: yaml file: config/config.yaml loaded successfully]
[2023-10-19 09:22:56,290: INFO: common: yaml file: params.yaml loaded successfully]
[2023-10-19 09:22:56,291: INFO: common: created directory at: artifacts]
[2023-10-19 09:22:56,291: INFO: common: created directory at: artifacts/training]
[2023-10-19 09:27:17,129: INFO: stage_03_model_training: >>>>>> stage Training completed <<<<<<

x==========x]
[2023-10-19 09:27:24,064: INFO: stage_04_model_evaluation: *******************]
[2023-10-19 09:27:24,064: INFO: stage_04_model_evaluation: >>>>>> stage Evaluation stage started <<<<<<]
[2023-10-19 09:27:24,066: INFO: common: yaml file: config/config.yaml loaded successfully]
[2023-10-19 09:27:24,067: INFO: common: yaml file: params.yaml loaded successfully]
[2023-10-19 09:27:24,067: INFO: common: created directory at: artifacts]
[2023-10-19 09:28:28,343: INFO: common: json file saved at: scores.json]
[2023-10-19 09:28:28,344: INFO: common: json file saved at: scores.json]
[2023-10-19 09:28:28,344: INFO: stage_04_model_evaluation: >>>>>> stage Evaluation stage completed <<<<<<

x==========x]
[2023-10-19 09:51:24,375: INFO: _internal: [31m[1mWARNING: This is a development server. Do not use it in a production deployment. Use a production WSGI server instead.[0m
 * Running on all addresses (0.0.0.0)
 * Running on http://127.0.0.1:8080
 * Running on http://192.168.0.102:8080]
[2023-10-19 09:51:24,375: INFO: _internal: [33mPress CTRL+C to quit[0m]
[2023-10-19 09:51:44,764: INFO: _internal: 127.0.0.1 - - [19/Oct/2023 09:51:44] "GET / HTTP/1.1" 200 -]
[2023-10-19 09:54:13,215: INFO: _internal: [31m[1mWARNING: This is a development server. Do not use it in a production deployment. Use a production WSGI server instead.[0m
 * Running on all addresses (0.0.0.0)
 * Running on http://127.0.0.1:8080
 * Running on http://192.168.0.102:8080]
[2023-10-19 09:54:13,215: INFO: _internal: [33mPress CTRL+C to quit[0m]
[2023-10-19 09:54:17,388: INFO: _internal: 127.0.0.1 - - [19/Oct/2023 09:54:17] "GET / HTTP/1.1" 200 -]
[2023-10-19 09:56:22,730: ERROR: app: Exception on /predict [POST]]
Traceback (most recent call last):
  File "/Users/bivasbisht/miniforge3/envs/kidney/lib/python3.8/site-packages/flask/app.py", line 2190, in wsgi_app
    response = self.full_dispatch_request()
  File "/Users/bivasbisht/miniforge3/envs/kidney/lib/python3.8/site-packages/flask/app.py", line 1486, in full_dispatch_request
    rv = self.handle_user_exception(e)
  File "/Users/bivasbisht/miniforge3/envs/kidney/lib/python3.8/site-packages/flask_cors/extension.py", line 176, in wrapped_function
    return cors_after_request(app.make_response(f(*args, **kwargs)))
  File "/Users/bivasbisht/miniforge3/envs/kidney/lib/python3.8/site-packages/flask/app.py", line 1484, in full_dispatch_request
    rv = self.dispatch_request()
  File "/Users/bivasbisht/miniforge3/envs/kidney/lib/python3.8/site-packages/flask/app.py", line 1469, in dispatch_request
    return self.ensure_sync(self.view_functions[rule.endpoint])(**view_args)
  File "/Users/bivasbisht/miniforge3/envs/kidney/lib/python3.8/site-packages/flask_cors/decorator.py", line 130, in wrapped_function
    resp = make_response(f(*args, **kwargs))
  File "app.py", line 44, in predictRoute
    result = clApp.classifier.predict()
  File "/Users/bivasbisht/Deep-Learning_project/kidney_classification_deep-learnig/src/cnnClassifier/pipeline/prediction.py", line 15, in predict
    model = load_model(os.path.join("model", "model.h5"))
  File "/Users/bivasbisht/miniforge3/envs/kidney/lib/python3.8/site-packages/keras/src/saving/saving_api.py", line 238, in load_model
    return legacy_sm_saving_lib.load_model(
  File "/Users/bivasbisht/miniforge3/envs/kidney/lib/python3.8/site-packages/keras/src/utils/traceback_utils.py", line 70, in error_handler
    raise e.with_traceback(filtered_tb) from None
  File "/Users/bivasbisht/miniforge3/envs/kidney/lib/python3.8/site-packages/keras/src/saving/legacy/save.py", line 234, in load_model
    raise IOError(
OSError: No file or directory found at model/model.h5
[2023-10-19 09:56:22,737: INFO: _internal: 127.0.0.1 - - [19/Oct/2023 09:56:22] "[35m[1mPOST /predict HTTP/1.1[0m" 500 -]
[2023-10-19 09:58:30,622: INFO: _internal: [31m[1mWARNING: This is a development server. Do not use it in a production deployment. Use a production WSGI server instead.[0m
 * Running on all addresses (0.0.0.0)
 * Running on http://127.0.0.1:8080
 * Running on http://192.168.0.102:8080]
[2023-10-19 09:58:30,623: INFO: _internal: [33mPress CTRL+C to quit[0m]
[2023-10-19 09:58:34,868: INFO: _internal: 127.0.0.1 - - [19/Oct/2023 09:58:34] "GET / HTTP/1.1" 200 -]
[2023-10-19 09:58:36,891: INFO: _internal: 127.0.0.1 - - [19/Oct/2023 09:58:36] "GET / HTTP/1.1" 200 -]
[2023-10-19 09:58:43,261: ERROR: app: Exception on /predict [POST]]
Traceback (most recent call last):
  File "/Users/bivasbisht/miniforge3/envs/kidney/lib/python3.8/site-packages/flask/app.py", line 2190, in wsgi_app
    response = self.full_dispatch_request()
  File "/Users/bivasbisht/miniforge3/envs/kidney/lib/python3.8/site-packages/flask/app.py", line 1486, in full_dispatch_request
    rv = self.handle_user_exception(e)
  File "/Users/bivasbisht/miniforge3/envs/kidney/lib/python3.8/site-packages/flask_cors/extension.py", line 176, in wrapped_function
    return cors_after_request(app.make_response(f(*args, **kwargs)))
  File "/Users/bivasbisht/miniforge3/envs/kidney/lib/python3.8/site-packages/flask/app.py", line 1484, in full_dispatch_request
    rv = self.dispatch_request()
  File "/Users/bivasbisht/miniforge3/envs/kidney/lib/python3.8/site-packages/flask/app.py", line 1469, in dispatch_request
    return self.ensure_sync(self.view_functions[rule.endpoint])(**view_args)
  File "/Users/bivasbisht/miniforge3/envs/kidney/lib/python3.8/site-packages/flask_cors/decorator.py", line 130, in wrapped_function
    resp = make_response(f(*args, **kwargs))
  File "app.py", line 44, in predictRoute
    result = clApp.classifier.predict()
  File "/Users/bivasbisht/Deep-Learning_project/kidney_classification_deep-learnig/src/cnnClassifier/pipeline/prediction.py", line 15, in predict
    model = load_model(os.path.join("training", "model.h5"))
  File "/Users/bivasbisht/miniforge3/envs/kidney/lib/python3.8/site-packages/keras/src/saving/saving_api.py", line 238, in load_model
    return legacy_sm_saving_lib.load_model(
  File "/Users/bivasbisht/miniforge3/envs/kidney/lib/python3.8/site-packages/keras/src/utils/traceback_utils.py", line 70, in error_handler
    raise e.with_traceback(filtered_tb) from None
  File "/Users/bivasbisht/miniforge3/envs/kidney/lib/python3.8/site-packages/keras/src/saving/legacy/save.py", line 234, in load_model
    raise IOError(
OSError: No file or directory found at training/model.h5
[2023-10-19 09:58:43,267: INFO: _internal: 127.0.0.1 - - [19/Oct/2023 09:58:43] "[35m[1mPOST /predict HTTP/1.1[0m" 500 -]
[2023-10-19 10:00:29,888: INFO: _internal: [31m[1mWARNING: This is a development server. Do not use it in a production deployment. Use a production WSGI server instead.[0m
 * Running on all addresses (0.0.0.0)
 * Running on http://127.0.0.1:8080
 * Running on http://192.168.0.102:8080]
[2023-10-19 10:00:29,888: INFO: _internal: [33mPress CTRL+C to quit[0m]
[2023-10-19 10:00:42,181: INFO: _internal: 127.0.0.1 - - [19/Oct/2023 10:00:42] "GET / HTTP/1.1" 200 -]
[2023-10-19 10:00:43,576: INFO: _internal: 127.0.0.1 - - [19/Oct/2023 10:00:43] "GET / HTTP/1.1" 200 -]
[2023-10-19 10:00:43,756: INFO: _internal: 127.0.0.1 - - [19/Oct/2023 10:00:43] "GET / HTTP/1.1" 200 -]
[2023-10-19 10:00:46,612: INFO: _internal: 127.0.0.1 - - [19/Oct/2023 10:00:46] "GET / HTTP/1.1" 200 -]
[2023-10-19 10:00:53,021: INFO: _internal: 127.0.0.1 - - [19/Oct/2023 10:00:53] "POST /predict HTTP/1.1" 200 -]
